2023-10-03 14:35:43,335 - DEBUG - urllib3.connectionpool - Starting new HTTPS connection (1): services.nvd.nist.gov:443
2023-10-03 14:35:44,180 - DEBUG - urllib3.connectionpool - https://services.nvd.nist.gov:443 "GET /rest/json/cves/2.0?startIndex=0 HTTP/1.1" 200 None
2023-10-03 14:35:44,796 - DEBUG - urllib3.connectionpool - Starting new HTTPS connection (1): services.nvd.nist.gov:443
2023-10-03 14:35:45,524 - DEBUG - urllib3.connectionpool - https://services.nvd.nist.gov:443 "GET /rest/json/cves/2.0 HTTP/1.1" 200 None
2023-10-03 14:35:46,021 - DEBUG - urllib3.connectionpool - Starting new HTTPS connection (1): services.nvd.nist.gov:443
2023-10-03 14:35:46,812 - DEBUG - urllib3.connectionpool - https://services.nvd.nist.gov:443 "GET /rest/json/cves/2.0?startIndex=0 HTTP/1.1" 200 None
2023-10-03 14:35:47,628 - INFO - root - Data was successfully saved into a json file
2023-10-04 14:27:59,503 - DEBUG - urllib3.connectionpool - Starting new HTTPS connection (1): services.nvd.nist.gov:443
2023-10-04 14:28:00,674 - DEBUG - urllib3.connectionpool - https://services.nvd.nist.gov:443 "GET /rest/json/cves/2.0?startIndex=0 HTTP/1.1" 200 None
2023-10-04 14:28:01,242 - DEBUG - urllib3.connectionpool - Starting new HTTPS connection (1): services.nvd.nist.gov:443
2023-10-04 14:28:02,336 - DEBUG - urllib3.connectionpool - https://services.nvd.nist.gov:443 "GET /rest/json/cves/2.0 HTTP/1.1" 200 None
2023-10-04 14:28:02,849 - DEBUG - urllib3.connectionpool - Starting new HTTPS connection (1): services.nvd.nist.gov:443
2023-10-04 14:28:03,590 - DEBUG - urllib3.connectionpool - https://services.nvd.nist.gov:443 "GET /rest/json/cves/2.0?startIndex=0 HTTP/1.1" 200 None
2023-10-04 14:29:10,071 - DEBUG - urllib3.connectionpool - Starting new HTTPS connection (1): services.nvd.nist.gov:443
2023-10-04 14:29:11,071 - DEBUG - urllib3.connectionpool - https://services.nvd.nist.gov:443 "GET /rest/json/cves/2.0?startIndex=0 HTTP/1.1" 200 None
2023-10-04 14:29:11,616 - DEBUG - urllib3.connectionpool - Starting new HTTPS connection (1): services.nvd.nist.gov:443
2023-10-04 14:29:12,348 - DEBUG - urllib3.connectionpool - https://services.nvd.nist.gov:443 "GET /rest/json/cves/2.0 HTTP/1.1" 200 None
2023-10-04 14:29:12,855 - DEBUG - urllib3.connectionpool - Starting new HTTPS connection (1): services.nvd.nist.gov:443
2023-10-04 14:29:13,663 - DEBUG - urllib3.connectionpool - https://services.nvd.nist.gov:443 "GET /rest/json/cves/2.0?startIndex=0 HTTP/1.1" 200 3464883
2023-10-04 14:29:14,486 - DEBUG - urllib3.connectionpool - Starting new HTTPS connection (1): services.nvd.nist.gov:443
2023-10-04 14:29:15,255 - DEBUG - urllib3.connectionpool - https://services.nvd.nist.gov:443 "GET /rest/json/cves/2.0?startIndex=2000 HTTP/1.1" 200 None
2023-10-04 14:29:15,841 - DEBUG - urllib3.connectionpool - Starting new HTTPS connection (1): services.nvd.nist.gov:443
2023-10-04 14:29:16,722 - DEBUG - urllib3.connectionpool - https://services.nvd.nist.gov:443 "GET /rest/json/cves/2.0?startIndex=4000 HTTP/1.1" 200 None
2023-10-04 14:29:17,533 - DEBUG - urllib3.connectionpool - Starting new HTTPS connection (1): services.nvd.nist.gov:443
2023-10-04 14:29:18,419 - DEBUG - urllib3.connectionpool - https://services.nvd.nist.gov:443 "GET /rest/json/cves/2.0?startIndex=6000 HTTP/1.1" 200 None
2023-10-04 14:29:20,697 - DEBUG - urllib3.connectionpool - Starting new HTTPS connection (1): services.nvd.nist.gov:443
2023-10-04 14:29:21,981 - DEBUG - urllib3.connectionpool - https://services.nvd.nist.gov:443 "GET /rest/json/cves/2.0?startIndex=8000 HTTP/1.1" 200 None
2023-10-04 14:29:23,143 - DEBUG - urllib3.connectionpool - Starting new HTTPS connection (1): services.nvd.nist.gov:443
2023-10-04 14:29:24,157 - DEBUG - urllib3.connectionpool - https://services.nvd.nist.gov:443 "GET /rest/json/cves/2.0?startIndex=10000 HTTP/1.1" 200 None
2023-10-04 14:29:25,179 - DEBUG - urllib3.connectionpool - Starting new HTTPS connection (1): services.nvd.nist.gov:443
2023-10-04 14:29:26,382 - DEBUG - urllib3.connectionpool - https://services.nvd.nist.gov:443 "GET /rest/json/cves/2.0?startIndex=12000 HTTP/1.1" 200 None
2023-10-04 14:29:31,080 - DEBUG - urllib3.connectionpool - Starting new HTTPS connection (1): services.nvd.nist.gov:443
2023-10-04 14:29:32,002 - DEBUG - urllib3.connectionpool - https://services.nvd.nist.gov:443 "GET /rest/json/cves/2.0?startIndex=14000 HTTP/1.1" 200 None
2023-10-04 14:29:32,696 - DEBUG - urllib3.connectionpool - Starting new HTTPS connection (1): services.nvd.nist.gov:443
2023-10-04 14:29:33,644 - DEBUG - urllib3.connectionpool - https://services.nvd.nist.gov:443 "GET /rest/json/cves/2.0?startIndex=16000 HTTP/1.1" 200 None
2023-10-04 14:29:34,421 - DEBUG - urllib3.connectionpool - Starting new HTTPS connection (1): services.nvd.nist.gov:443
2023-10-04 14:29:35,464 - DEBUG - urllib3.connectionpool - https://services.nvd.nist.gov:443 "GET /rest/json/cves/2.0?startIndex=18000 HTTP/1.1" 200 None
2023-10-04 14:29:36,177 - DEBUG - urllib3.connectionpool - Starting new HTTPS connection (1): services.nvd.nist.gov:443
2023-10-04 14:29:37,100 - DEBUG - urllib3.connectionpool - https://services.nvd.nist.gov:443 "GET /rest/json/cves/2.0?startIndex=20000 HTTP/1.1" 200 None
2023-10-04 14:29:37,898 - DEBUG - urllib3.connectionpool - Starting new HTTPS connection (1): services.nvd.nist.gov:443
2023-10-04 14:29:38,909 - DEBUG - urllib3.connectionpool - https://services.nvd.nist.gov:443 "GET /rest/json/cves/2.0?startIndex=22000 HTTP/1.1" 200 None
2023-10-04 14:29:39,694 - DEBUG - urllib3.connectionpool - Starting new HTTPS connection (1): services.nvd.nist.gov:443
2023-10-04 14:29:40,784 - DEBUG - urllib3.connectionpool - https://services.nvd.nist.gov:443 "GET /rest/json/cves/2.0?startIndex=24000 HTTP/1.1" 200 None
2023-10-04 14:29:41,504 - DEBUG - urllib3.connectionpool - Starting new HTTPS connection (1): services.nvd.nist.gov:443
2023-10-04 14:29:42,440 - DEBUG - urllib3.connectionpool - https://services.nvd.nist.gov:443 "GET /rest/json/cves/2.0?startIndex=26000 HTTP/1.1" 200 None
2023-10-04 14:29:43,263 - DEBUG - urllib3.connectionpool - Starting new HTTPS connection (1): services.nvd.nist.gov:443
2023-10-04 14:29:44,404 - DEBUG - urllib3.connectionpool - https://services.nvd.nist.gov:443 "GET /rest/json/cves/2.0?startIndex=28000 HTTP/1.1" 200 None
2023-10-04 14:29:45,224 - DEBUG - urllib3.connectionpool - Starting new HTTPS connection (1): services.nvd.nist.gov:443
2023-10-04 14:29:46,371 - DEBUG - urllib3.connectionpool - https://services.nvd.nist.gov:443 "GET /rest/json/cves/2.0?startIndex=30000 HTTP/1.1" 200 None
2023-10-04 14:29:47,218 - DEBUG - urllib3.connectionpool - Starting new HTTPS connection (1): services.nvd.nist.gov:443
2023-10-04 14:29:48,472 - DEBUG - urllib3.connectionpool - https://services.nvd.nist.gov:443 "GET /rest/json/cves/2.0?startIndex=32000 HTTP/1.1" 200 None
2023-10-04 14:29:49,314 - DEBUG - urllib3.connectionpool - Starting new HTTPS connection (1): services.nvd.nist.gov:443
2023-10-04 14:29:50,398 - DEBUG - urllib3.connectionpool - https://services.nvd.nist.gov:443 "GET /rest/json/cves/2.0?startIndex=34000 HTTP/1.1" 200 None
2023-10-04 14:29:51,321 - DEBUG - urllib3.connectionpool - Starting new HTTPS connection (1): services.nvd.nist.gov:443
2023-10-04 14:29:52,609 - DEBUG - urllib3.connectionpool - https://services.nvd.nist.gov:443 "GET /rest/json/cves/2.0?startIndex=36000 HTTP/1.1" 200 None
2023-10-04 14:29:53,672 - DEBUG - urllib3.connectionpool - Starting new HTTPS connection (1): services.nvd.nist.gov:443
2023-10-04 14:29:55,132 - DEBUG - urllib3.connectionpool - https://services.nvd.nist.gov:443 "GET /rest/json/cves/2.0?startIndex=38000 HTTP/1.1" 200 None
2023-10-04 14:29:56,193 - DEBUG - urllib3.connectionpool - Starting new HTTPS connection (1): services.nvd.nist.gov:443
2023-10-04 14:29:57,400 - DEBUG - urllib3.connectionpool - https://services.nvd.nist.gov:443 "GET /rest/json/cves/2.0?startIndex=40000 HTTP/1.1" 200 None
2023-10-04 14:29:58,265 - DEBUG - urllib3.connectionpool - Starting new HTTPS connection (1): services.nvd.nist.gov:443
2023-10-04 14:29:59,777 - DEBUG - urllib3.connectionpool - https://services.nvd.nist.gov:443 "GET /rest/json/cves/2.0?startIndex=42000 HTTP/1.1" 200 None
2023-10-04 14:30:00,784 - DEBUG - urllib3.connectionpool - Starting new HTTPS connection (1): services.nvd.nist.gov:443
2023-10-04 14:30:02,927 - DEBUG - urllib3.connectionpool - https://services.nvd.nist.gov:443 "GET /rest/json/cves/2.0?startIndex=44000 HTTP/1.1" 200 None
2023-10-04 14:30:04,037 - DEBUG - urllib3.connectionpool - Starting new HTTPS connection (1): services.nvd.nist.gov:443
2023-10-04 14:30:05,747 - DEBUG - urllib3.connectionpool - https://services.nvd.nist.gov:443 "GET /rest/json/cves/2.0?startIndex=46000 HTTP/1.1" 200 None
2023-10-04 14:30:07,628 - DEBUG - urllib3.connectionpool - Starting new HTTPS connection (1): services.nvd.nist.gov:443
2023-10-04 14:30:08,941 - DEBUG - urllib3.connectionpool - https://services.nvd.nist.gov:443 "GET /rest/json/cves/2.0?startIndex=48000 HTTP/1.1" 200 None
2023-10-04 14:30:11,147 - DEBUG - urllib3.connectionpool - Starting new HTTPS connection (1): services.nvd.nist.gov:443
2023-10-04 14:30:13,277 - DEBUG - urllib3.connectionpool - https://services.nvd.nist.gov:443 "GET /rest/json/cves/2.0?startIndex=50000 HTTP/1.1" 200 None
2023-10-04 14:30:14,356 - DEBUG - urllib3.connectionpool - Starting new HTTPS connection (1): services.nvd.nist.gov:443
2023-10-04 14:30:15,890 - DEBUG - urllib3.connectionpool - https://services.nvd.nist.gov:443 "GET /rest/json/cves/2.0?startIndex=52000 HTTP/1.1" 200 None
2023-10-04 14:30:16,848 - DEBUG - urllib3.connectionpool - Starting new HTTPS connection (1): services.nvd.nist.gov:443
2023-10-04 14:30:18,633 - DEBUG - urllib3.connectionpool - https://services.nvd.nist.gov:443 "GET /rest/json/cves/2.0?startIndex=54000 HTTP/1.1" 200 None
2023-10-04 14:30:19,721 - DEBUG - urllib3.connectionpool - Starting new HTTPS connection (1): services.nvd.nist.gov:443
2023-10-04 14:30:21,170 - DEBUG - urllib3.connectionpool - https://services.nvd.nist.gov:443 "GET /rest/json/cves/2.0?startIndex=56000 HTTP/1.1" 200 None
2023-10-04 14:30:22,143 - DEBUG - urllib3.connectionpool - Starting new HTTPS connection (1): services.nvd.nist.gov:443
2023-10-04 14:30:23,470 - DEBUG - urllib3.connectionpool - https://services.nvd.nist.gov:443 "GET /rest/json/cves/2.0?startIndex=58000 HTTP/1.1" 200 None
2023-10-04 14:30:24,531 - DEBUG - urllib3.connectionpool - Starting new HTTPS connection (1): services.nvd.nist.gov:443
2023-10-04 14:30:25,913 - DEBUG - urllib3.connectionpool - https://services.nvd.nist.gov:443 "GET /rest/json/cves/2.0?startIndex=60000 HTTP/1.1" 200 None
2023-10-04 14:30:26,867 - DEBUG - urllib3.connectionpool - Starting new HTTPS connection (1): services.nvd.nist.gov:443
2023-10-04 14:30:28,520 - DEBUG - urllib3.connectionpool - https://services.nvd.nist.gov:443 "GET /rest/json/cves/2.0?startIndex=62000 HTTP/1.1" 200 None
2023-10-04 14:30:30,185 - DEBUG - urllib3.connectionpool - Starting new HTTPS connection (1): services.nvd.nist.gov:443
2023-10-04 14:30:31,212 - DEBUG - urllib3.connectionpool - https://services.nvd.nist.gov:443 "GET /rest/json/cves/2.0?startIndex=64000 HTTP/1.1" 200 None
2023-10-04 14:30:31,930 - DEBUG - urllib3.connectionpool - Starting new HTTPS connection (1): services.nvd.nist.gov:443
2023-10-04 14:30:32,983 - DEBUG - urllib3.connectionpool - https://services.nvd.nist.gov:443 "GET /rest/json/cves/2.0?startIndex=66000 HTTP/1.1" 200 6949706
2023-10-04 14:30:36,619 - DEBUG - urllib3.connectionpool - Starting new HTTPS connection (1): services.nvd.nist.gov:443
2023-10-04 14:30:37,717 - DEBUG - urllib3.connectionpool - https://services.nvd.nist.gov:443 "GET /rest/json/cves/2.0?startIndex=68000 HTTP/1.1" 200 None
2023-10-04 14:30:38,541 - DEBUG - urllib3.connectionpool - Starting new HTTPS connection (1): services.nvd.nist.gov:443
2023-10-04 14:30:39,544 - DEBUG - urllib3.connectionpool - https://services.nvd.nist.gov:443 "GET /rest/json/cves/2.0?startIndex=70000 HTTP/1.1" 200 None
2023-10-04 14:30:40,362 - DEBUG - urllib3.connectionpool - Starting new HTTPS connection (1): services.nvd.nist.gov:443
2023-10-04 14:30:41,420 - DEBUG - urllib3.connectionpool - https://services.nvd.nist.gov:443 "GET /rest/json/cves/2.0?startIndex=72000 HTTP/1.1" 200 None
2023-10-04 14:30:42,231 - DEBUG - urllib3.connectionpool - Starting new HTTPS connection (1): services.nvd.nist.gov:443
2023-10-04 14:30:43,907 - DEBUG - urllib3.connectionpool - https://services.nvd.nist.gov:443 "GET /rest/json/cves/2.0?startIndex=74000 HTTP/1.1" 200 None
2023-10-04 14:30:44,760 - DEBUG - urllib3.connectionpool - Starting new HTTPS connection (1): services.nvd.nist.gov:443
2023-10-04 14:30:45,923 - DEBUG - urllib3.connectionpool - https://services.nvd.nist.gov:443 "GET /rest/json/cves/2.0?startIndex=76000 HTTP/1.1" 200 9941823
2023-10-04 14:30:47,373 - DEBUG - urllib3.connectionpool - Starting new HTTPS connection (1): services.nvd.nist.gov:443
2023-10-04 14:30:48,563 - DEBUG - urllib3.connectionpool - https://services.nvd.nist.gov:443 "GET /rest/json/cves/2.0?startIndex=78000 HTTP/1.1" 200 8785691
2023-10-04 14:30:50,127 - DEBUG - urllib3.connectionpool - Starting new HTTPS connection (1): services.nvd.nist.gov:443
2023-10-04 14:30:52,050 - DEBUG - urllib3.connectionpool - https://services.nvd.nist.gov:443 "GET /rest/json/cves/2.0?startIndex=80000 HTTP/1.1" 200 None
2023-10-04 14:30:52,859 - DEBUG - urllib3.connectionpool - Starting new HTTPS connection (1): services.nvd.nist.gov:443
2023-10-04 14:30:53,930 - DEBUG - urllib3.connectionpool - https://services.nvd.nist.gov:443 "GET /rest/json/cves/2.0?startIndex=82000 HTTP/1.1" 200 None
2023-10-04 14:30:54,735 - DEBUG - urllib3.connectionpool - Starting new HTTPS connection (1): services.nvd.nist.gov:443
2023-10-04 14:30:55,779 - DEBUG - urllib3.connectionpool - https://services.nvd.nist.gov:443 "GET /rest/json/cves/2.0?startIndex=84000 HTTP/1.1" 200 None
2023-10-04 14:30:56,593 - DEBUG - urllib3.connectionpool - Starting new HTTPS connection (1): services.nvd.nist.gov:443
2023-10-04 14:30:57,229 - DEBUG - urllib3.connectionpool - https://services.nvd.nist.gov:443 "GET /rest/json/cves/2.0?startIndex=86000 HTTP/1.1" 200 None
2023-10-04 14:30:57,570 - DEBUG - urllib3.connectionpool - Starting new HTTPS connection (1): services.nvd.nist.gov:443
2023-10-04 14:30:58,339 - DEBUG - urllib3.connectionpool - https://services.nvd.nist.gov:443 "GET /rest/json/cves/2.0?startIndex=88000 HTTP/1.1" 200 None
2023-10-04 14:30:58,837 - DEBUG - urllib3.connectionpool - Starting new HTTPS connection (1): services.nvd.nist.gov:443
2023-10-04 14:31:00,293 - DEBUG - urllib3.connectionpool - https://services.nvd.nist.gov:443 "GET /rest/json/cves/2.0?startIndex=90000 HTTP/1.1" 200 None
2023-10-04 14:31:01,083 - DEBUG - urllib3.connectionpool - Starting new HTTPS connection (1): services.nvd.nist.gov:443
2023-10-04 14:31:02,793 - DEBUG - urllib3.connectionpool - https://services.nvd.nist.gov:443 "GET /rest/json/cves/2.0?startIndex=92000 HTTP/1.1" 200 None
2023-10-04 14:31:03,619 - DEBUG - urllib3.connectionpool - Starting new HTTPS connection (1): services.nvd.nist.gov:443
2023-10-04 14:31:04,737 - DEBUG - urllib3.connectionpool - https://services.nvd.nist.gov:443 "GET /rest/json/cves/2.0?startIndex=94000 HTTP/1.1" 200 None
2023-10-04 14:31:05,496 - DEBUG - urllib3.connectionpool - Starting new HTTPS connection (1): services.nvd.nist.gov:443
2023-10-04 14:31:06,636 - DEBUG - urllib3.connectionpool - https://services.nvd.nist.gov:443 "GET /rest/json/cves/2.0?startIndex=96000 HTTP/1.1" 200 None
2023-10-04 14:31:07,549 - DEBUG - urllib3.connectionpool - Starting new HTTPS connection (1): services.nvd.nist.gov:443
2023-10-04 14:31:08,689 - DEBUG - urllib3.connectionpool - https://services.nvd.nist.gov:443 "GET /rest/json/cves/2.0?startIndex=98000 HTTP/1.1" 200 None
2023-10-04 14:31:09,489 - DEBUG - urllib3.connectionpool - Starting new HTTPS connection (1): services.nvd.nist.gov:443
2023-10-04 14:31:10,558 - DEBUG - urllib3.connectionpool - https://services.nvd.nist.gov:443 "GET /rest/json/cves/2.0?startIndex=100000 HTTP/1.1" 200 None
2023-10-04 14:31:11,351 - DEBUG - urllib3.connectionpool - Starting new HTTPS connection (1): services.nvd.nist.gov:443
2023-10-04 14:31:12,321 - DEBUG - urllib3.connectionpool - https://services.nvd.nist.gov:443 "GET /rest/json/cves/2.0?startIndex=102000 HTTP/1.1" 200 None
2023-10-04 14:31:12,980 - DEBUG - urllib3.connectionpool - Starting new HTTPS connection (1): services.nvd.nist.gov:443
2023-10-04 14:31:14,378 - DEBUG - urllib3.connectionpool - https://services.nvd.nist.gov:443 "GET /rest/json/cves/2.0?startIndex=104000 HTTP/1.1" 200 None
2023-10-04 14:31:15,413 - DEBUG - urllib3.connectionpool - Starting new HTTPS connection (1): services.nvd.nist.gov:443
2023-10-04 14:31:16,533 - DEBUG - urllib3.connectionpool - https://services.nvd.nist.gov:443 "GET /rest/json/cves/2.0?startIndex=106000 HTTP/1.1" 200 None
2023-10-04 14:31:17,366 - DEBUG - urllib3.connectionpool - Starting new HTTPS connection (1): services.nvd.nist.gov:443
2023-10-04 14:31:18,675 - DEBUG - urllib3.connectionpool - https://services.nvd.nist.gov:443 "GET /rest/json/cves/2.0?startIndex=108000 HTTP/1.1" 200 None
2023-10-04 14:31:19,514 - DEBUG - urllib3.connectionpool - Starting new HTTPS connection (1): services.nvd.nist.gov:443
2023-10-04 14:31:20,676 - DEBUG - urllib3.connectionpool - https://services.nvd.nist.gov:443 "GET /rest/json/cves/2.0?startIndex=110000 HTTP/1.1" 200 None
2023-10-04 14:31:21,497 - DEBUG - urllib3.connectionpool - Starting new HTTPS connection (1): services.nvd.nist.gov:443
2023-10-04 14:31:22,480 - DEBUG - urllib3.connectionpool - https://services.nvd.nist.gov:443 "GET /rest/json/cves/2.0?startIndex=112000 HTTP/1.1" 200 None
2023-10-04 14:31:23,295 - DEBUG - urllib3.connectionpool - Starting new HTTPS connection (1): services.nvd.nist.gov:443
2023-10-04 14:31:24,272 - DEBUG - urllib3.connectionpool - https://services.nvd.nist.gov:443 "GET /rest/json/cves/2.0?startIndex=114000 HTTP/1.1" 200 None
2023-10-04 14:31:25,086 - DEBUG - urllib3.connectionpool - Starting new HTTPS connection (1): services.nvd.nist.gov:443
2023-10-04 14:31:26,073 - DEBUG - urllib3.connectionpool - https://services.nvd.nist.gov:443 "GET /rest/json/cves/2.0?startIndex=116000 HTTP/1.1" 200 None
2023-10-04 14:31:26,894 - DEBUG - urllib3.connectionpool - Starting new HTTPS connection (1): services.nvd.nist.gov:443
2023-10-04 14:31:27,786 - DEBUG - urllib3.connectionpool - https://services.nvd.nist.gov:443 "GET /rest/json/cves/2.0?startIndex=118000 HTTP/1.1" 200 None
2023-10-04 14:31:28,397 - DEBUG - urllib3.connectionpool - Starting new HTTPS connection (1): services.nvd.nist.gov:443
2023-10-04 14:31:29,482 - DEBUG - urllib3.connectionpool - https://services.nvd.nist.gov:443 "GET /rest/json/cves/2.0?startIndex=120000 HTTP/1.1" 200 None
2023-10-04 14:31:30,288 - DEBUG - urllib3.connectionpool - Starting new HTTPS connection (1): services.nvd.nist.gov:443
2023-10-04 14:31:32,144 - DEBUG - urllib3.connectionpool - https://services.nvd.nist.gov:443 "GET /rest/json/cves/2.0?startIndex=122000 HTTP/1.1" 200 None
2023-10-04 14:31:33,093 - DEBUG - urllib3.connectionpool - Starting new HTTPS connection (1): services.nvd.nist.gov:443
2023-10-04 14:31:34,218 - DEBUG - urllib3.connectionpool - https://services.nvd.nist.gov:443 "GET /rest/json/cves/2.0?startIndex=124000 HTTP/1.1" 200 None
2023-10-04 14:31:35,045 - DEBUG - urllib3.connectionpool - Starting new HTTPS connection (1): services.nvd.nist.gov:443
2023-10-04 14:31:36,504 - DEBUG - urllib3.connectionpool - https://services.nvd.nist.gov:443 "GET /rest/json/cves/2.0?startIndex=126000 HTTP/1.1" 200 None
2023-10-04 14:31:37,337 - DEBUG - urllib3.connectionpool - Starting new HTTPS connection (1): services.nvd.nist.gov:443
2023-10-04 14:31:38,325 - DEBUG - urllib3.connectionpool - https://services.nvd.nist.gov:443 "GET /rest/json/cves/2.0?startIndex=128000 HTTP/1.1" 200 None
2023-10-04 14:31:39,048 - DEBUG - urllib3.connectionpool - Starting new HTTPS connection (1): services.nvd.nist.gov:443
2023-10-04 14:31:40,092 - DEBUG - urllib3.connectionpool - https://services.nvd.nist.gov:443 "GET /rest/json/cves/2.0?startIndex=130000 HTTP/1.1" 200 None
2023-10-04 14:31:40,920 - DEBUG - urllib3.connectionpool - Starting new HTTPS connection (1): services.nvd.nist.gov:443
2023-10-04 14:31:42,029 - DEBUG - urllib3.connectionpool - https://services.nvd.nist.gov:443 "GET /rest/json/cves/2.0?startIndex=132000 HTTP/1.1" 200 None
2023-10-04 14:31:42,967 - DEBUG - urllib3.connectionpool - Starting new HTTPS connection (1): services.nvd.nist.gov:443
2023-10-04 14:31:44,169 - DEBUG - urllib3.connectionpool - https://services.nvd.nist.gov:443 "GET /rest/json/cves/2.0?startIndex=134000 HTTP/1.1" 200 None
2023-10-04 14:31:44,993 - DEBUG - urllib3.connectionpool - Starting new HTTPS connection (1): services.nvd.nist.gov:443
2023-10-04 14:31:46,039 - DEBUG - urllib3.connectionpool - https://services.nvd.nist.gov:443 "GET /rest/json/cves/2.0?startIndex=136000 HTTP/1.1" 200 None
2023-10-04 14:31:46,865 - DEBUG - urllib3.connectionpool - Starting new HTTPS connection (1): services.nvd.nist.gov:443
2023-10-04 14:31:47,892 - DEBUG - urllib3.connectionpool - https://services.nvd.nist.gov:443 "GET /rest/json/cves/2.0?startIndex=138000 HTTP/1.1" 200 None
2023-10-04 14:31:48,738 - DEBUG - urllib3.connectionpool - Starting new HTTPS connection (1): services.nvd.nist.gov:443
2023-10-04 14:31:49,779 - DEBUG - urllib3.connectionpool - https://services.nvd.nist.gov:443 "GET /rest/json/cves/2.0?startIndex=140000 HTTP/1.1" 200 None
2023-10-04 14:31:50,726 - DEBUG - urllib3.connectionpool - Starting new HTTPS connection (1): services.nvd.nist.gov:443
2023-10-04 14:31:51,937 - DEBUG - urllib3.connectionpool - https://services.nvd.nist.gov:443 "GET /rest/json/cves/2.0?startIndex=142000 HTTP/1.1" 200 None
2023-10-04 14:31:52,815 - DEBUG - urllib3.connectionpool - Starting new HTTPS connection (1): services.nvd.nist.gov:443
2023-10-04 14:31:54,110 - DEBUG - urllib3.connectionpool - https://services.nvd.nist.gov:443 "GET /rest/json/cves/2.0?startIndex=144000 HTTP/1.1" 200 None
2023-10-04 14:31:54,999 - DEBUG - urllib3.connectionpool - Starting new HTTPS connection (1): services.nvd.nist.gov:443
2023-10-04 14:31:56,121 - DEBUG - urllib3.connectionpool - https://services.nvd.nist.gov:443 "GET /rest/json/cves/2.0?startIndex=146000 HTTP/1.1" 200 None
2023-10-04 14:31:56,965 - DEBUG - urllib3.connectionpool - Starting new HTTPS connection (1): services.nvd.nist.gov:443
2023-10-04 14:31:58,040 - DEBUG - urllib3.connectionpool - https://services.nvd.nist.gov:443 "GET /rest/json/cves/2.0?startIndex=148000 HTTP/1.1" 200 None
2023-10-04 14:31:58,874 - DEBUG - urllib3.connectionpool - Starting new HTTPS connection (1): services.nvd.nist.gov:443
2023-10-04 14:32:00,249 - DEBUG - urllib3.connectionpool - https://services.nvd.nist.gov:443 "GET /rest/json/cves/2.0?startIndex=150000 HTTP/1.1" 200 None
2023-10-04 14:32:01,083 - DEBUG - urllib3.connectionpool - Starting new HTTPS connection (1): services.nvd.nist.gov:443
2023-10-04 14:32:02,412 - DEBUG - urllib3.connectionpool - https://services.nvd.nist.gov:443 "GET /rest/json/cves/2.0?startIndex=152000 HTTP/1.1" 200 None
2023-10-04 14:32:03,245 - DEBUG - urllib3.connectionpool - Starting new HTTPS connection (1): services.nvd.nist.gov:443
2023-10-04 14:32:04,217 - DEBUG - urllib3.connectionpool - https://services.nvd.nist.gov:443 "GET /rest/json/cves/2.0?startIndex=154000 HTTP/1.1" 200 None
2023-10-04 14:32:04,947 - DEBUG - urllib3.connectionpool - Starting new HTTPS connection (1): services.nvd.nist.gov:443
2023-10-04 14:32:06,143 - DEBUG - urllib3.connectionpool - https://services.nvd.nist.gov:443 "GET /rest/json/cves/2.0?startIndex=156000 HTTP/1.1" 200 None
2023-10-04 14:32:06,985 - DEBUG - urllib3.connectionpool - Starting new HTTPS connection (1): services.nvd.nist.gov:443
2023-10-04 14:32:08,654 - DEBUG - urllib3.connectionpool - https://services.nvd.nist.gov:443 "GET /rest/json/cves/2.0?startIndex=158000 HTTP/1.1" 200 None
2023-10-04 14:32:09,791 - DEBUG - urllib3.connectionpool - Starting new HTTPS connection (1): services.nvd.nist.gov:443
2023-10-04 14:32:11,552 - DEBUG - urllib3.connectionpool - https://services.nvd.nist.gov:443 "GET /rest/json/cves/2.0?startIndex=160000 HTTP/1.1" 200 None
2023-10-04 14:32:13,328 - DEBUG - urllib3.connectionpool - Starting new HTTPS connection (1): services.nvd.nist.gov:443
2023-10-04 14:32:14,765 - DEBUG - urllib3.connectionpool - https://services.nvd.nist.gov:443 "GET /rest/json/cves/2.0?startIndex=162000 HTTP/1.1" 200 None
2023-10-04 14:32:15,965 - DEBUG - urllib3.connectionpool - Starting new HTTPS connection (1): services.nvd.nist.gov:443
2023-10-04 14:32:17,493 - DEBUG - urllib3.connectionpool - https://services.nvd.nist.gov:443 "GET /rest/json/cves/2.0?startIndex=164000 HTTP/1.1" 200 None
2023-10-04 14:32:18,497 - DEBUG - urllib3.connectionpool - Starting new HTTPS connection (1): services.nvd.nist.gov:443
2023-10-04 14:32:19,817 - DEBUG - urllib3.connectionpool - https://services.nvd.nist.gov:443 "GET /rest/json/cves/2.0?startIndex=166000 HTTP/1.1" 200 None
2023-10-04 14:32:20,693 - DEBUG - urllib3.connectionpool - Starting new HTTPS connection (1): services.nvd.nist.gov:443
2023-10-04 14:32:21,793 - DEBUG - urllib3.connectionpool - https://services.nvd.nist.gov:443 "GET /rest/json/cves/2.0?startIndex=168000 HTTP/1.1" 200 None
2023-10-04 14:32:22,621 - DEBUG - urllib3.connectionpool - Starting new HTTPS connection (1): services.nvd.nist.gov:443
2023-10-04 14:32:23,844 - DEBUG - urllib3.connectionpool - https://services.nvd.nist.gov:443 "GET /rest/json/cves/2.0?startIndex=170000 HTTP/1.1" 200 None
2023-10-04 14:32:24,688 - DEBUG - urllib3.connectionpool - Starting new HTTPS connection (1): services.nvd.nist.gov:443
2023-10-04 14:32:26,003 - DEBUG - urllib3.connectionpool - https://services.nvd.nist.gov:443 "GET /rest/json/cves/2.0?startIndex=172000 HTTP/1.1" 200 None
2023-10-04 14:32:27,011 - DEBUG - urllib3.connectionpool - Starting new HTTPS connection (1): services.nvd.nist.gov:443
2023-10-04 14:32:28,098 - DEBUG - urllib3.connectionpool - https://services.nvd.nist.gov:443 "GET /rest/json/cves/2.0?startIndex=174000 HTTP/1.1" 200 None
2023-10-04 14:32:29,008 - DEBUG - urllib3.connectionpool - Starting new HTTPS connection (1): services.nvd.nist.gov:443
2023-10-04 14:32:30,156 - DEBUG - urllib3.connectionpool - https://services.nvd.nist.gov:443 "GET /rest/json/cves/2.0?startIndex=176000 HTTP/1.1" 200 None
2023-10-04 14:32:31,357 - DEBUG - urllib3.connectionpool - Starting new HTTPS connection (1): services.nvd.nist.gov:443
2023-10-04 14:32:32,727 - DEBUG - urllib3.connectionpool - https://services.nvd.nist.gov:443 "GET /rest/json/cves/2.0?startIndex=178000 HTTP/1.1" 200 None
2023-10-04 14:32:35,024 - DEBUG - urllib3.connectionpool - Starting new HTTPS connection (1): services.nvd.nist.gov:443
2023-10-04 14:32:36,564 - DEBUG - urllib3.connectionpool - https://services.nvd.nist.gov:443 "GET /rest/json/cves/2.0?startIndex=180000 HTTP/1.1" 200 None
2023-10-04 14:32:37,760 - DEBUG - urllib3.connectionpool - Starting new HTTPS connection (1): services.nvd.nist.gov:443
2023-10-04 14:32:39,144 - DEBUG - urllib3.connectionpool - https://services.nvd.nist.gov:443 "GET /rest/json/cves/2.0?startIndex=182000 HTTP/1.1" 200 None
2023-10-04 14:32:40,037 - DEBUG - urllib3.connectionpool - Starting new HTTPS connection (1): services.nvd.nist.gov:443
2023-10-04 14:32:41,999 - DEBUG - urllib3.connectionpool - https://services.nvd.nist.gov:443 "GET /rest/json/cves/2.0?startIndex=184000 HTTP/1.1" 200 None
2023-10-04 14:32:42,839 - DEBUG - urllib3.connectionpool - Starting new HTTPS connection (1): services.nvd.nist.gov:443
2023-10-04 14:32:44,043 - DEBUG - urllib3.connectionpool - https://services.nvd.nist.gov:443 "GET /rest/json/cves/2.0?startIndex=186000 HTTP/1.1" 200 None
2023-10-04 14:32:45,009 - DEBUG - urllib3.connectionpool - Starting new HTTPS connection (1): services.nvd.nist.gov:443
2023-10-04 14:32:46,860 - DEBUG - urllib3.connectionpool - https://services.nvd.nist.gov:443 "GET /rest/json/cves/2.0?startIndex=188000 HTTP/1.1" 200 None
2023-10-04 14:32:47,731 - DEBUG - urllib3.connectionpool - Starting new HTTPS connection (1): services.nvd.nist.gov:443
2023-10-04 14:32:48,763 - DEBUG - urllib3.connectionpool - https://services.nvd.nist.gov:443 "GET /rest/json/cves/2.0?startIndex=190000 HTTP/1.1" 200 None
2023-10-04 14:32:49,590 - DEBUG - urllib3.connectionpool - Starting new HTTPS connection (1): services.nvd.nist.gov:443
2023-10-04 14:32:50,585 - DEBUG - urllib3.connectionpool - https://services.nvd.nist.gov:443 "GET /rest/json/cves/2.0?startIndex=192000 HTTP/1.1" 200 None
2023-10-04 14:32:51,288 - DEBUG - urllib3.connectionpool - Starting new HTTPS connection (1): services.nvd.nist.gov:443
2023-10-04 14:32:52,517 - DEBUG - urllib3.connectionpool - https://services.nvd.nist.gov:443 "GET /rest/json/cves/2.0?startIndex=194000 HTTP/1.1" 200 None
2023-10-04 14:32:53,364 - DEBUG - urllib3.connectionpool - Starting new HTTPS connection (1): services.nvd.nist.gov:443
2023-10-04 14:32:54,628 - DEBUG - urllib3.connectionpool - https://services.nvd.nist.gov:443 "GET /rest/json/cves/2.0?startIndex=196000 HTTP/1.1" 200 None
2023-10-04 14:32:55,483 - DEBUG - urllib3.connectionpool - Starting new HTTPS connection (1): services.nvd.nist.gov:443
2023-10-04 14:32:56,870 - DEBUG - urllib3.connectionpool - https://services.nvd.nist.gov:443 "GET /rest/json/cves/2.0?startIndex=198000 HTTP/1.1" 200 None
2023-10-04 14:32:57,726 - DEBUG - urllib3.connectionpool - Starting new HTTPS connection (1): services.nvd.nist.gov:443
2023-10-04 14:32:58,769 - DEBUG - urllib3.connectionpool - https://services.nvd.nist.gov:443 "GET /rest/json/cves/2.0?startIndex=200000 HTTP/1.1" 200 None
2023-10-04 14:32:59,605 - DEBUG - urllib3.connectionpool - Starting new HTTPS connection (1): services.nvd.nist.gov:443
2023-10-04 14:33:00,435 - DEBUG - urllib3.connectionpool - https://services.nvd.nist.gov:443 "GET /rest/json/cves/2.0?startIndex=202000 HTTP/1.1" 200 None
2023-10-04 14:33:01,144 - DEBUG - urllib3.connectionpool - Starting new HTTPS connection (1): services.nvd.nist.gov:443
2023-10-04 14:33:02,254 - DEBUG - urllib3.connectionpool - https://services.nvd.nist.gov:443 "GET /rest/json/cves/2.0?startIndex=204000 HTTP/1.1" 200 None
2023-10-04 14:33:03,071 - DEBUG - urllib3.connectionpool - Starting new HTTPS connection (1): services.nvd.nist.gov:443
2023-10-04 14:33:04,634 - DEBUG - urllib3.connectionpool - https://services.nvd.nist.gov:443 "GET /rest/json/cves/2.0?startIndex=206000 HTTP/1.1" 200 None
2023-10-04 14:33:05,597 - DEBUG - urllib3.connectionpool - Starting new HTTPS connection (1): services.nvd.nist.gov:443
2023-10-04 14:33:06,892 - DEBUG - urllib3.connectionpool - https://services.nvd.nist.gov:443 "GET /rest/json/cves/2.0?startIndex=208000 HTTP/1.1" 200 None
2023-10-04 14:33:07,623 - DEBUG - urllib3.connectionpool - Starting new HTTPS connection (1): services.nvd.nist.gov:443
2023-10-04 14:33:08,773 - DEBUG - urllib3.connectionpool - https://services.nvd.nist.gov:443 "GET /rest/json/cves/2.0?startIndex=210000 HTTP/1.1" 200 None
2023-10-04 14:33:09,464 - DEBUG - urllib3.connectionpool - Starting new HTTPS connection (1): services.nvd.nist.gov:443
2023-10-04 14:33:10,768 - DEBUG - urllib3.connectionpool - https://services.nvd.nist.gov:443 "GET /rest/json/cves/2.0?startIndex=212000 HTTP/1.1" 200 None
2023-10-04 14:33:11,612 - DEBUG - urllib3.connectionpool - Starting new HTTPS connection (1): services.nvd.nist.gov:443
2023-10-04 14:33:12,683 - DEBUG - urllib3.connectionpool - https://services.nvd.nist.gov:443 "GET /rest/json/cves/2.0?startIndex=214000 HTTP/1.1" 200 None
2023-10-04 14:33:13,545 - DEBUG - urllib3.connectionpool - Starting new HTTPS connection (1): services.nvd.nist.gov:443
2023-10-04 14:33:14,964 - DEBUG - urllib3.connectionpool - https://services.nvd.nist.gov:443 "GET /rest/json/cves/2.0?startIndex=216000 HTTP/1.1" 200 None
2023-10-04 14:33:16,084 - DEBUG - urllib3.connectionpool - Starting new HTTPS connection (1): services.nvd.nist.gov:443
2023-10-04 14:33:17,664 - DEBUG - urllib3.connectionpool - https://services.nvd.nist.gov:443 "GET /rest/json/cves/2.0?startIndex=218000 HTTP/1.1" 200 None
2023-10-04 14:33:19,371 - DEBUG - urllib3.connectionpool - Starting new HTTPS connection (1): services.nvd.nist.gov:443
2023-10-04 14:33:20,325 - DEBUG - urllib3.connectionpool - https://services.nvd.nist.gov:443 "GET /rest/json/cves/2.0?startIndex=220000 HTTP/1.1" 200 None
2023-10-04 14:33:21,267 - DEBUG - urllib3.connectionpool - Starting new HTTPS connection (1): services.nvd.nist.gov:443
2023-10-04 14:33:22,527 - DEBUG - urllib3.connectionpool - https://services.nvd.nist.gov:443 "GET /rest/json/cves/2.0?startIndex=222000 HTTP/1.1" 200 None
2023-10-04 14:33:23,676 - DEBUG - urllib3.connectionpool - Starting new HTTPS connection (1): services.nvd.nist.gov:443
2023-10-04 14:33:24,645 - DEBUG - urllib3.connectionpool - https://services.nvd.nist.gov:443 "GET /rest/json/cves/2.0?startIndex=224000 HTTP/1.1" 200 None
2023-10-04 14:33:25,589 - DEBUG - urllib3.connectionpool - Starting new HTTPS connection (1): services.nvd.nist.gov:443
2023-10-04 14:33:26,214 - DEBUG - urllib3.connectionpool - https://services.nvd.nist.gov:443 "GET /rest/json/cves/2.0?startIndex=226000 HTTP/1.1" 200 None
2023-10-04 14:33:26,675 - INFO - root - Data was successfully retrieved from the API
2023-10-04 14:33:40,630 - INFO - root - Data was successfully saved into a json file
